<?xml version="1.0" encoding="UTF-8"?>
<!-- Generated by org.testng.reporters.JUnitReportReporter -->
<testsuite hostname="fsociety" failures="0" tests="1" name="KGL.KGLProject.TC01" time="82.256" errors="0" timestamp="2023-07-26T14:16:19 IST" skipped="0">
  <testcase classname="KGL.KGLProject.TC01" name="TC01_Amazon" time="82.256"/>
  <system-out/>
</testsuite> <!-- KGL.KGLProject.TC01 -->
